2023-04-11 13:16:41,579 try loading dataset
2023-04-11 13:16:47,336 fit done!
2023-04-11 13:16:52,233 train_acc = 0.36490921023845985
2023-04-11 13:16:52,284 training done
2023-04-11 13:17:38,182 try loading dataset
2023-04-11 13:17:38,183 dataset not found, generating
2023-04-11 13:17:43,572 getting average 0/1030
2023-04-11 13:17:44,049 getting average 1/1030
2023-04-11 13:17:44,278 getting average 2/1030
2023-04-11 13:17:44,469 getting average 3/1030
2023-04-11 13:17:49,159 getting average 4/1030
2023-04-11 13:17:49,495 getting average 5/1030
2023-04-11 13:17:49,781 getting average 6/1030
2023-04-11 13:17:50,025 getting average 7/1030
2023-04-11 13:17:54,021 getting average 8/1030
2023-04-11 13:17:54,218 getting average 9/1030
2023-04-11 13:17:54,474 getting average 10/1030
2023-04-11 13:17:54,849 getting average 11/1030
2023-04-11 13:17:57,027 getting average 12/1030
2023-04-11 13:17:57,176 getting average 13/1030
2023-04-11 13:17:57,368 getting average 14/1030
2023-04-11 13:17:57,819 getting average 15/1030
2023-04-11 13:18:00,895 getting average 16/1030
2023-04-11 13:18:01,092 getting average 17/1030
2023-04-11 13:18:01,409 getting average 18/1030
2023-04-11 13:18:01,924 getting average 19/1030
2023-04-11 13:18:05,115 getting average 20/1030
2023-04-11 13:18:05,331 getting average 21/1030
2023-04-11 13:18:05,640 getting average 22/1030
2023-04-11 13:18:06,829 getting average 23/1030
2023-04-11 13:18:09,363 getting average 24/1030
2023-04-11 13:18:09,614 getting average 25/1030
2023-04-11 13:18:09,931 getting average 26/1030
2023-04-11 13:18:10,113 getting average 27/1030
2023-04-11 13:18:13,550 getting average 28/1030
2023-04-11 13:18:13,745 getting average 29/1030
2023-04-11 13:18:14,077 getting average 30/1030
2023-04-11 13:18:14,450 getting average 31/1030
2023-04-11 13:18:17,324 getting average 32/1030
2023-04-11 13:18:17,744 getting average 33/1030
2023-04-11 13:18:18,088 getting average 34/1030
2023-04-11 13:18:18,495 getting average 35/1030
2023-04-11 13:18:20,930 getting average 36/1030
2023-04-11 13:18:21,207 getting average 37/1030
2023-04-11 13:18:21,508 getting average 38/1030
2023-04-11 13:18:21,841 getting average 39/1030
2023-04-11 13:18:24,134 getting average 40/1030
2023-04-11 13:18:24,533 getting average 41/1030
2023-04-11 13:18:24,823 getting average 42/1030
2023-04-11 13:18:25,262 getting average 43/1030
2023-04-11 13:18:27,446 getting average 44/1030
2023-04-11 13:18:27,715 getting average 45/1030
2023-04-11 13:18:28,300 getting average 46/1030
2023-04-11 13:18:28,551 getting average 47/1030
2023-04-11 13:18:30,984 getting average 48/1030
2023-04-11 13:18:31,505 getting average 49/1030
2023-04-11 13:18:31,825 getting average 50/1030
2023-04-11 13:18:32,430 getting average 51/1030
2023-04-11 13:18:35,351 getting average 52/1030
2023-04-11 13:18:35,777 getting average 53/1030
2023-04-11 13:18:36,156 getting average 54/1030
2023-04-11 13:18:36,616 getting average 55/1030
2023-04-11 13:18:38,336 getting average 56/1030
2023-04-11 13:18:38,655 getting average 57/1030
2023-04-11 13:18:38,995 getting average 58/1030
2023-04-11 13:18:40,849 getting average 59/1030
2023-04-11 13:18:42,003 getting average 60/1030
2023-04-11 13:18:42,247 getting average 61/1030
2023-04-11 13:18:42,486 getting average 62/1030
2023-04-11 13:18:46,465 getting average 63/1030
2023-04-11 13:18:46,704 getting average 64/1030
2023-04-11 13:18:47,155 getting average 65/1030
2023-04-11 13:18:47,390 getting average 66/1030
2023-04-11 13:18:52,314 getting average 67/1030
2023-04-11 13:18:52,472 getting average 68/1030
2023-04-11 13:18:52,696 getting average 69/1030
2023-04-11 13:18:52,878 getting average 70/1030
2023-04-11 13:18:56,852 getting average 71/1030
2023-04-11 13:18:57,120 getting average 72/1030
2023-04-11 13:18:57,562 getting average 73/1030
2023-04-11 13:18:57,796 getting average 74/1030
2023-04-11 13:19:00,633 getting average 75/1030
2023-04-11 13:19:00,946 getting average 76/1030
2023-04-11 13:19:01,448 getting average 77/1030
2023-04-11 13:19:01,704 getting average 78/1030
2023-04-11 13:19:03,949 getting average 79/1030
2023-04-11 13:19:04,311 getting average 80/1030
2023-04-11 13:19:04,730 getting average 81/1030
2023-04-11 13:19:05,220 getting average 82/1030
2023-04-11 13:19:07,499 getting average 83/1030
2023-04-11 13:19:07,747 getting average 84/1030
2023-04-11 13:19:07,993 getting average 85/1030
2023-04-11 13:19:08,207 getting average 86/1030
2023-04-11 13:19:11,931 getting average 87/1030
2023-04-11 13:19:12,195 getting average 88/1030
2023-04-11 13:19:12,591 getting average 89/1030
2023-04-11 13:19:12,873 getting average 90/1030
2023-04-11 13:19:15,814 getting average 91/1030
2023-04-11 13:19:16,063 getting average 92/1030
2023-04-11 13:19:16,415 getting average 93/1030
2023-04-11 13:19:16,671 getting average 94/1030
2023-04-11 13:19:21,128 getting average 95/1030
2023-04-11 13:19:21,453 getting average 96/1030
2023-04-11 13:19:21,788 getting average 97/1030
2023-04-11 13:19:22,067 getting average 98/1030
2023-04-11 13:19:24,301 getting average 99/1030
2023-04-11 13:19:24,638 getting average 100/1030
2023-04-11 13:19:24,959 getting average 101/1030
2023-04-11 13:19:25,224 getting average 102/1030
2023-04-11 13:19:27,854 getting average 103/1030
2023-04-11 13:19:28,055 getting average 104/1030
2023-04-11 13:19:28,279 getting average 105/1030
2023-04-11 13:19:28,469 getting average 106/1030
2023-04-11 13:19:32,089 getting average 107/1030
2023-04-11 13:19:32,236 getting average 108/1030
2023-04-11 13:19:32,414 getting average 109/1030
2023-04-11 13:19:32,845 getting average 110/1030
2023-04-11 13:19:37,493 getting average 111/1030
2023-04-11 13:19:37,672 getting average 112/1030
2023-04-11 13:19:37,977 getting average 113/1030
2023-04-11 13:19:38,284 getting average 114/1030
2023-04-11 13:19:41,978 getting average 115/1030
2023-04-11 13:19:42,285 getting average 116/1030
2023-04-11 13:19:42,639 getting average 117/1030
2023-04-11 13:19:42,784 getting average 118/1030
2023-04-11 13:19:46,041 getting average 119/1030
2023-04-11 13:19:46,451 getting average 120/1030
2023-04-11 13:19:46,977 getting average 121/1030
2023-04-11 13:19:47,222 getting average 122/1030
2023-04-11 13:19:49,124 getting average 123/1030
2023-04-11 13:19:49,425 getting average 124/1030
2023-04-11 13:19:49,595 getting average 125/1030
2023-04-11 13:19:49,948 getting average 126/1030
2023-04-11 13:19:53,638 getting average 127/1030
2023-04-11 13:19:53,855 getting average 128/1030
2023-04-11 13:19:54,138 getting average 129/1030
2023-04-11 13:19:54,423 getting average 130/1030
2023-04-11 13:19:57,650 getting average 131/1030
2023-04-11 13:19:57,968 getting average 132/1030
2023-04-11 13:19:58,327 getting average 133/1030
2023-04-11 13:19:58,690 getting average 134/1030
2023-04-11 13:20:01,794 getting average 135/1030
2023-04-11 13:20:02,017 getting average 136/1030
2023-04-11 13:20:02,280 getting average 137/1030
2023-04-11 13:20:02,499 getting average 138/1030
2023-04-11 13:20:05,858 getting average 139/1030
2023-04-11 13:20:06,119 getting average 140/1030
2023-04-11 13:20:06,788 getting average 141/1030
2023-04-11 13:20:07,136 getting average 142/1030
2023-04-11 13:20:08,947 getting average 143/1030
2023-04-11 13:20:09,255 getting average 144/1030
2023-04-11 13:20:10,979 getting average 145/1030
2023-04-11 13:20:11,329 getting average 146/1030
2023-04-11 13:20:12,356 getting average 147/1030
2023-04-11 13:20:12,594 getting average 148/1030
2023-04-11 13:20:16,449 getting average 149/1030
2023-04-11 13:20:16,600 getting average 150/1030
2023-04-11 13:20:16,812 getting average 151/1030
2023-04-11 13:20:16,974 getting average 152/1030
2023-04-11 13:20:20,152 getting average 153/1030
2023-04-11 13:20:20,469 getting average 154/1030
2023-04-11 13:20:21,122 getting average 155/1030
2023-04-11 13:20:22,133 getting average 156/1030
2023-04-11 13:20:23,427 getting average 157/1030
2023-04-11 13:20:23,671 getting average 158/1030
2023-04-11 13:20:24,261 getting average 159/1030
2023-04-11 13:20:26,802 getting average 160/1030
2023-04-11 13:20:27,540 getting average 161/1030
2023-04-11 13:20:27,980 getting average 162/1030
2023-04-11 13:20:28,277 getting average 163/1030
2023-04-11 13:20:30,104 getting average 164/1030
2023-04-11 13:20:30,665 getting average 165/1030
2023-04-11 13:20:30,857 getting average 166/1030
2023-04-11 13:20:31,385 getting average 167/1030
2023-04-11 13:20:33,877 getting average 168/1030
2023-04-11 13:20:35,325 getting average 169/1030
2023-04-11 13:20:35,621 getting average 170/1030
2023-04-11 13:20:36,309 getting average 171/1030
2023-04-11 13:20:37,879 getting average 172/1030
2023-04-11 13:20:38,632 getting average 173/1030
2023-04-11 13:20:38,934 getting average 174/1030
2023-04-11 13:20:39,541 getting average 175/1030
2023-04-11 13:20:41,860 getting average 176/1030
2023-04-11 13:20:43,543 getting average 177/1030
2023-04-11 13:20:43,783 getting average 178/1030
2023-04-11 13:20:44,111 getting average 179/1030
2023-04-11 13:20:44,882 getting average 180/1030
2023-04-11 13:20:49,280 getting average 181/1030
2023-04-11 13:20:49,574 getting average 182/1030
2023-04-11 13:20:49,798 getting average 183/1030
2023-04-11 13:20:50,095 getting average 184/1030
2023-04-11 13:20:52,436 getting average 185/1030
2023-04-11 13:20:52,814 getting average 186/1030
2023-04-11 13:20:53,162 getting average 187/1030
2023-04-11 13:20:55,009 getting average 188/1030
2023-04-11 13:20:56,067 getting average 189/1030
2023-04-11 13:20:56,428 getting average 190/1030
2023-04-11 13:20:56,711 getting average 191/1030
2023-04-11 13:20:58,851 getting average 192/1030
2023-04-11 13:20:59,367 getting average 193/1030
2023-04-11 13:20:59,641 getting average 194/1030
2023-04-11 13:21:00,054 getting average 195/1030
2023-04-11 13:21:02,349 getting average 196/1030
2023-04-11 13:21:03,620 getting average 197/1030
2023-04-11 13:21:03,883 getting average 198/1030
2023-04-11 13:21:04,114 getting average 199/1030
2023-04-11 13:21:05,499 getting average 200/1030
2023-04-11 13:21:07,220 getting average 201/1030
2023-04-11 13:21:07,680 getting average 202/1030
2023-04-11 13:21:08,290 getting average 203/1030
2023-04-11 13:21:09,924 getting average 204/1030
2023-04-11 13:21:10,443 getting average 205/1030
2023-04-11 13:21:10,733 getting average 206/1030
2023-04-11 13:21:11,359 getting average 207/1030
2023-04-11 13:21:14,210 getting average 208/1030
2023-04-11 13:21:14,832 getting average 209/1030
2023-04-11 13:21:15,079 getting average 210/1030
2023-04-11 13:21:15,524 getting average 211/1030
2023-04-11 13:21:17,932 getting average 212/1030
2023-04-11 13:21:18,265 getting average 213/1030
2023-04-11 13:21:18,579 getting average 214/1030
2023-04-11 13:21:18,999 getting average 215/1030
2023-04-11 13:21:21,527 getting average 216/1030
2023-04-11 13:21:22,360 getting average 217/1030
2023-04-11 13:21:22,760 getting average 218/1030
2023-04-11 13:21:23,528 getting average 219/1030
2023-04-11 13:21:24,902 getting average 220/1030
2023-04-11 13:21:25,527 getting average 221/1030
2023-04-11 13:21:25,727 getting average 222/1030
2023-04-11 13:21:26,945 getting average 223/1030
2023-04-11 13:21:28,649 getting average 224/1030
2023-04-11 13:21:29,142 getting average 225/1030
2023-04-11 13:21:29,376 getting average 226/1030
2023-04-11 13:21:29,745 getting average 227/1030
2023-04-11 13:21:33,156 getting average 228/1030
2023-04-11 13:21:33,588 getting average 229/1030
2023-04-11 13:21:33,804 getting average 230/1030
2023-04-11 13:21:34,060 getting average 231/1030
2023-04-11 13:21:37,729 getting average 232/1030
2023-04-11 13:21:38,185 getting average 233/1030
2023-04-11 13:21:38,600 getting average 234/1030
2023-04-11 13:21:38,912 getting average 235/1030
2023-04-11 13:21:41,673 getting average 236/1030
2023-04-11 13:21:42,416 getting average 237/1030
2023-04-11 13:21:43,147 getting average 238/1030
2023-04-11 13:21:43,722 getting average 239/1030
2023-04-11 13:21:44,903 getting average 240/1030
2023-04-11 13:21:45,822 getting average 241/1030
2023-04-11 13:21:46,889 getting average 242/1030
2023-04-11 13:21:47,362 getting average 243/1030
2023-04-11 13:21:48,232 getting average 244/1030
2023-04-11 13:21:48,937 getting average 245/1030
2023-04-11 13:21:50,290 getting average 246/1030
2023-04-11 13:21:51,520 getting average 247/1030
2023-04-11 13:21:52,464 getting average 248/1030
2023-04-11 13:21:53,173 getting average 249/1030
2023-04-11 13:21:53,942 getting average 250/1030
2023-04-11 13:21:54,907 getting average 251/1030
2023-04-11 13:21:56,111 getting average 252/1030
2023-04-11 13:21:56,863 getting average 253/1030
2023-04-11 13:21:57,279 getting average 254/1030
2023-04-11 13:21:58,363 getting average 255/1030
2023-04-11 13:21:59,346 getting average 256/1030
2023-04-11 13:22:01,192 getting average 257/1030
2023-04-11 13:22:01,341 getting average 258/1030
2023-04-11 13:22:01,737 getting average 259/1030
2023-04-11 13:22:02,280 getting average 260/1030
2023-04-11 13:22:06,273 getting average 261/1030
2023-04-11 13:22:06,698 getting average 262/1030
2023-04-11 13:22:06,940 getting average 263/1030
2023-04-11 13:22:07,266 getting average 264/1030
2023-04-11 13:22:11,251 getting average 265/1030
2023-04-11 13:22:11,669 getting average 266/1030
2023-04-11 13:22:11,822 getting average 267/1030
2023-04-11 13:22:12,252 getting average 268/1030
2023-04-11 13:22:14,295 getting average 269/1030
2023-04-11 13:22:14,470 getting average 270/1030
2023-04-11 13:22:14,663 getting average 271/1030
2023-04-11 13:22:17,747 getting average 272/1030
2023-04-11 13:22:18,187 getting average 273/1030
2023-04-11 13:22:18,488 getting average 274/1030
2023-04-11 13:22:18,710 getting average 275/1030
2023-04-11 13:22:22,863 getting average 276/1030
2023-04-11 13:22:23,256 getting average 277/1030
2023-04-11 13:22:23,517 getting average 278/1030
2023-04-11 13:22:23,709 getting average 279/1030
2023-04-11 13:22:28,461 getting average 280/1030
2023-04-11 13:22:28,799 getting average 281/1030
2023-04-11 13:22:29,117 getting average 282/1030
2023-04-11 13:22:29,476 getting average 283/1030
2023-04-11 13:22:31,881 getting average 284/1030
2023-04-11 13:22:32,301 getting average 285/1030
2023-04-11 13:22:32,698 getting average 286/1030
2023-04-11 13:22:33,102 getting average 287/1030
2023-04-11 13:22:35,189 getting average 288/1030
2023-04-11 13:22:35,489 getting average 289/1030
2023-04-11 13:22:35,994 getting average 290/1030
2023-04-11 13:22:36,191 getting average 291/1030
2023-04-11 13:22:38,749 getting average 292/1030
2023-04-11 13:22:39,269 getting average 293/1030
2023-04-11 13:22:39,503 getting average 294/1030
2023-04-11 13:22:39,793 getting average 295/1030
2023-04-11 13:22:43,991 getting average 296/1030
2023-04-11 13:22:44,320 getting average 297/1030
2023-04-11 13:22:44,656 getting average 298/1030
2023-04-11 13:22:44,941 getting average 299/1030
2023-04-11 13:22:47,103 getting average 300/1030
2023-04-11 13:22:47,627 getting average 301/1030
2023-04-11 13:22:48,154 getting average 302/1030
2023-04-11 13:22:48,376 getting average 303/1030
2023-04-11 13:22:50,301 getting average 304/1030
2023-04-11 13:22:50,546 getting average 305/1030
2023-04-11 13:22:50,751 getting average 306/1030
2023-04-11 13:22:51,017 getting average 307/1030
2023-04-11 13:22:54,413 getting average 308/1030
2023-04-11 13:22:54,728 getting average 309/1030
2023-04-11 13:22:55,010 getting average 310/1030
2023-04-11 13:22:55,301 getting average 311/1030
2023-04-11 13:22:57,819 getting average 312/1030
2023-04-11 13:23:00,025 getting average 313/1030
2023-04-11 13:23:00,281 getting average 314/1030
2023-04-11 13:23:00,528 getting average 315/1030
2023-04-11 13:23:01,460 getting average 316/1030
2023-04-11 13:23:04,097 getting average 317/1030
2023-04-11 13:23:04,317 getting average 318/1030
2023-04-11 13:23:04,667 getting average 319/1030
2023-04-11 13:23:06,319 getting average 320/1030
2023-04-11 13:23:07,595 getting average 321/1030
2023-04-11 13:23:07,922 getting average 322/1030
2023-04-11 13:23:08,194 getting average 323/1030
2023-04-11 13:23:11,216 getting average 324/1030
2023-04-11 13:23:12,228 getting average 325/1030
2023-04-11 13:23:12,519 getting average 326/1030
2023-04-11 13:23:12,843 getting average 327/1030
2023-04-11 13:23:14,497 getting average 328/1030
2023-04-11 13:23:15,950 getting average 329/1030
2023-04-11 13:23:16,289 getting average 330/1030
2023-04-11 13:23:16,869 getting average 331/1030
2023-04-11 13:23:18,038 getting average 332/1030
2023-04-11 13:23:18,996 getting average 333/1030
2023-04-11 13:23:19,420 getting average 334/1030
2023-04-11 13:23:19,629 getting average 335/1030
2023-04-11 13:23:22,322 getting average 336/1030
2023-04-11 13:23:22,944 getting average 337/1030
2023-04-11 13:23:23,094 getting average 338/1030
2023-04-11 13:23:23,286 getting average 339/1030
2023-04-11 13:23:26,788 getting average 340/1030
2023-04-11 13:23:27,324 getting average 341/1030
2023-04-11 13:23:27,646 getting average 342/1030
2023-04-11 13:23:27,874 getting average 343/1030
2023-04-11 13:23:30,732 getting average 344/1030
2023-04-11 13:23:31,124 getting average 345/1030
2023-04-11 13:23:31,444 getting average 346/1030
2023-04-11 13:23:31,715 getting average 347/1030
2023-04-11 13:23:34,200 getting average 348/1030
2023-04-11 13:23:34,799 getting average 349/1030
2023-04-11 13:23:35,023 getting average 350/1030
2023-04-11 13:23:35,414 getting average 351/1030
2023-04-11 13:23:38,283 getting average 352/1030
2023-04-11 13:23:38,499 getting average 353/1030
2023-04-11 13:23:38,775 getting average 354/1030
2023-04-11 13:23:39,020 getting average 355/1030
2023-04-11 13:23:42,575 getting average 356/1030
2023-04-11 13:23:42,754 getting average 357/1030
2023-04-11 13:23:43,014 getting average 358/1030
2023-04-11 13:23:43,325 getting average 359/1030
2023-04-11 13:23:46,930 getting average 360/1030
2023-04-11 13:23:47,875 getting average 361/1030
2023-04-11 13:23:48,209 getting average 362/1030
2023-04-11 13:23:48,502 getting average 363/1030
2023-04-11 13:23:49,980 getting average 364/1030
2023-04-11 13:23:51,213 getting average 365/1030
2023-04-11 13:23:51,507 getting average 366/1030
2023-04-11 13:23:51,707 getting average 367/1030
2023-04-11 13:23:53,361 getting average 368/1030
2023-04-11 13:23:54,259 getting average 369/1030
2023-04-11 13:23:54,699 getting average 370/1030
2023-04-11 13:23:54,989 getting average 371/1030
2023-04-11 13:23:57,552 getting average 372/1030
2023-04-11 13:23:58,009 getting average 373/1030
2023-04-11 13:23:58,176 getting average 374/1030
2023-04-11 13:23:58,524 getting average 375/1030
2023-04-11 13:24:01,364 getting average 376/1030
2023-04-11 13:24:02,751 getting average 377/1030
2023-04-11 13:24:02,925 getting average 378/1030
2023-04-11 13:24:03,125 getting average 379/1030
2023-04-11 13:24:05,424 getting average 380/1030
2023-04-11 13:24:06,421 getting average 381/1030
2023-04-11 13:24:06,728 getting average 382/1030
2023-04-11 13:24:07,096 getting average 383/1030
2023-04-11 13:24:09,479 getting average 384/1030
2023-04-11 13:24:10,586 getting average 385/1030
2023-04-11 13:24:10,978 getting average 386/1030
2023-04-11 13:24:11,286 getting average 387/1030
2023-04-11 13:24:13,225 getting average 388/1030
2023-04-11 13:24:14,042 getting average 389/1030
2023-04-11 13:24:14,345 getting average 390/1030
2023-04-11 13:24:14,650 getting average 391/1030
2023-04-11 13:24:16,142 getting average 392/1030
2023-04-11 13:24:17,890 getting average 393/1030
2023-04-11 13:24:18,240 getting average 394/1030
2023-04-11 13:24:19,731 getting average 395/1030
2023-04-11 13:24:20,278 getting average 396/1030
2023-04-11 13:24:20,848 getting average 397/1030
2023-04-11 13:24:21,058 getting average 398/1030
2023-04-11 13:24:24,594 getting average 399/1030
2023-04-11 13:24:25,103 getting average 400/1030
2023-04-11 13:24:25,570 getting average 401/1030
2023-04-11 13:24:25,768 getting average 402/1030
2023-04-11 13:24:28,781 getting average 403/1030
2023-04-11 13:24:29,986 getting average 404/1030
2023-04-11 13:24:30,323 getting average 405/1030
2023-04-11 13:24:30,754 getting average 406/1030
2023-04-11 13:24:32,104 getting average 407/1030
2023-04-11 13:24:34,187 getting average 408/1030
2023-04-11 13:24:34,576 getting average 409/1030
2023-04-11 13:24:34,786 getting average 410/1030
2023-04-11 13:24:35,209 getting average 411/1030
2023-04-11 13:24:37,443 getting average 412/1030
2023-04-11 13:24:37,910 getting average 413/1030
2023-04-11 13:24:38,221 getting average 414/1030
2023-04-11 13:24:38,955 getting average 415/1030
2023-04-11 13:24:40,800 getting average 416/1030
2023-04-11 13:24:40,977 getting average 417/1030
2023-04-11 13:24:41,320 getting average 418/1030
2023-04-11 13:24:42,308 getting average 419/1030
2023-04-11 13:24:43,703 getting average 420/1030
2023-04-11 13:24:43,969 getting average 421/1030
2023-04-11 13:24:44,325 getting average 422/1030
2023-04-11 13:24:46,268 getting average 423/1030
2023-04-11 13:24:47,048 getting average 424/1030
2023-04-11 13:24:47,631 getting average 425/1030
2023-04-11 13:24:47,842 getting average 426/1030
2023-04-11 13:24:50,473 getting average 427/1030
2023-04-11 13:24:51,527 getting average 428/1030
2023-04-11 13:24:51,894 getting average 429/1030
2023-04-11 13:24:52,224 getting average 430/1030
2023-04-11 13:24:54,385 getting average 431/1030
2023-04-11 13:24:55,489 getting average 432/1030
2023-04-11 13:24:55,722 getting average 433/1030
2023-04-11 13:24:56,037 getting average 434/1030
2023-04-11 13:24:58,619 getting average 435/1030
2023-04-11 13:25:00,056 getting average 436/1030
2023-04-11 13:25:00,280 getting average 437/1030
2023-04-11 13:25:00,566 getting average 438/1030
2023-04-11 13:25:03,513 getting average 439/1030
2023-04-11 13:25:04,584 getting average 440/1030
2023-04-11 13:25:04,939 getting average 441/1030
2023-04-11 13:25:05,271 getting average 442/1030
2023-04-11 13:25:06,438 getting average 443/1030
2023-04-11 13:25:08,845 getting average 444/1030
2023-04-11 13:25:09,162 getting average 445/1030
2023-04-11 13:25:09,529 getting average 446/1030
2023-04-11 13:25:10,802 getting average 447/1030
2023-04-11 13:25:12,287 getting average 448/1030
2023-04-11 13:25:12,531 getting average 449/1030
2023-04-11 13:25:12,840 getting average 450/1030
2023-04-11 13:25:14,907 getting average 451/1030
2023-04-11 13:25:16,024 getting average 452/1030
2023-04-11 13:25:16,286 getting average 453/1030
2023-04-11 13:25:16,482 getting average 454/1030
2023-04-11 13:25:19,905 getting average 455/1030
2023-04-11 13:25:20,370 getting average 456/1030
2023-04-11 13:25:20,530 getting average 457/1030
2023-04-11 13:25:20,746 getting average 458/1030
2023-04-11 13:25:24,796 getting average 459/1030
2023-04-11 13:25:25,009 getting average 460/1030
2023-04-11 13:25:25,294 getting average 461/1030
2023-04-11 13:25:25,632 getting average 462/1030
2023-04-11 13:25:29,370 getting average 463/1030
2023-04-11 13:25:29,669 getting average 464/1030
2023-04-11 13:25:30,086 getting average 465/1030
2023-04-11 13:25:30,528 getting average 466/1030
2023-04-11 13:25:32,868 getting average 467/1030
2023-04-11 13:25:33,244 getting average 468/1030
2023-04-11 13:25:33,701 getting average 469/1030
2023-04-11 13:25:34,056 getting average 470/1030
2023-04-11 13:25:36,306 getting average 471/1030
2023-04-11 13:25:36,631 getting average 472/1030
2023-04-11 13:25:36,968 getting average 473/1030
2023-04-11 13:25:37,509 getting average 474/1030
2023-04-11 13:25:39,744 getting average 475/1030
2023-04-11 13:25:39,986 getting average 476/1030
2023-04-11 13:25:40,255 getting average 477/1030
2023-04-11 13:25:40,682 getting average 478/1030
2023-04-11 13:25:43,354 getting average 479/1030
2023-04-11 13:25:43,650 getting average 480/1030
2023-04-11 13:25:44,063 getting average 481/1030
2023-04-11 13:25:44,308 getting average 482/1030
2023-04-11 13:25:47,411 getting average 483/1030
2023-04-11 13:25:47,797 getting average 484/1030
2023-04-11 13:25:48,048 getting average 485/1030
2023-04-11 13:25:48,326 getting average 486/1030
2023-04-11 13:25:50,627 getting average 487/1030
2023-04-11 13:25:51,010 getting average 488/1030
2023-04-11 13:25:51,286 getting average 489/1030
2023-04-11 13:25:51,581 getting average 490/1030
2023-04-11 13:25:53,951 getting average 491/1030
2023-04-11 13:25:54,209 getting average 492/1030
2023-04-11 13:25:54,502 getting average 493/1030
2023-04-11 13:25:54,781 getting average 494/1030
2023-04-11 13:25:58,905 getting average 495/1030
2023-04-11 13:25:59,163 getting average 496/1030
2023-04-11 13:25:59,421 getting average 497/1030
2023-04-11 13:25:59,857 getting average 498/1030
2023-04-11 13:26:03,105 getting average 499/1030
2023-04-11 13:26:03,423 getting average 500/1030
2023-04-11 13:26:03,680 getting average 501/1030
2023-04-11 13:26:03,958 getting average 502/1030
2023-04-11 13:26:06,850 getting average 503/1030
2023-04-11 13:26:07,064 getting average 504/1030
2023-04-11 13:26:07,361 getting average 505/1030
2023-04-11 13:26:08,252 getting average 506/1030
2023-04-11 13:26:09,884 getting average 507/1030
2023-04-11 13:26:10,102 getting average 508/1030
2023-04-11 13:26:10,307 getting average 509/1030
2023-04-11 13:26:13,118 getting average 510/1030
2023-04-11 13:26:13,814 getting average 511/1030
2023-04-11 13:26:13,970 getting average 512/1030
2023-04-11 13:26:14,115 getting average 513/1030
2023-04-11 13:26:16,351 getting average 514/1030
2023-04-11 13:26:17,733 getting average 515/1030
2023-04-11 13:26:18,972 getting average 516/1030
2023-04-11 13:26:19,209 getting average 517/1030
2023-04-11 13:26:19,898 getting average 518/1030
2023-04-11 13:26:20,457 getting average 519/1030
2023-04-11 13:26:23,198 getting average 520/1030
2023-04-11 13:26:23,606 getting average 521/1030
2023-04-11 13:26:24,891 getting average 522/1030
2023-04-11 13:26:25,196 getting average 523/1030
2023-04-11 13:26:27,146 getting average 524/1030
2023-04-11 13:26:27,876 getting average 525/1030
2023-04-11 13:26:28,875 getting average 526/1030
2023-04-11 13:26:29,443 getting average 527/1030
2023-04-11 13:26:30,563 getting average 528/1030
2023-04-11 13:26:31,166 getting average 529/1030
2023-04-11 13:26:32,671 getting average 530/1030
2023-04-11 13:26:33,114 getting average 531/1030
2023-04-11 13:26:33,809 getting average 532/1030
2023-04-11 13:26:34,652 getting average 533/1030
2023-04-11 13:26:36,260 getting average 534/1030
2023-04-11 13:26:38,738 getting average 535/1030
2023-04-11 13:26:38,960 getting average 536/1030
2023-04-11 13:26:40,469 getting average 537/1030
2023-04-11 13:26:40,691 getting average 538/1030
2023-04-11 13:26:42,723 getting average 539/1030
2023-04-11 13:26:43,007 getting average 540/1030
2023-04-11 13:26:44,253 getting average 541/1030
2023-04-11 13:26:44,540 getting average 542/1030
2023-04-11 13:26:45,956 getting average 543/1030
2023-04-11 13:26:46,550 getting average 544/1030
2023-04-11 13:26:47,805 getting average 545/1030
2023-04-11 13:26:48,145 getting average 546/1030
2023-04-11 13:26:49,228 getting average 547/1030
2023-04-11 13:26:49,436 getting average 548/1030
2023-04-11 13:26:53,195 getting average 549/1030
2023-04-11 13:26:53,426 getting average 550/1030
2023-04-11 13:26:53,596 getting average 551/1030
2023-04-11 13:26:53,945 getting average 552/1030
2023-04-11 13:26:58,848 getting average 553/1030
2023-04-11 13:26:59,004 getting average 554/1030
2023-04-11 13:26:59,161 getting average 555/1030
2023-04-11 13:26:59,465 getting average 556/1030
2023-04-11 13:27:03,318 getting average 557/1030
2023-04-11 13:27:03,602 getting average 558/1030
2023-04-11 13:27:03,874 getting average 559/1030
2023-04-11 13:27:04,169 getting average 560/1030
2023-04-11 13:27:07,095 getting average 561/1030
2023-04-11 13:27:07,352 getting average 562/1030
2023-04-11 13:27:07,586 getting average 563/1030
2023-04-11 13:27:07,936 getting average 564/1030
2023-04-11 13:27:10,754 getting average 565/1030
2023-04-11 13:27:11,088 getting average 566/1030
2023-04-11 13:27:11,458 getting average 567/1030
2023-04-11 13:27:11,824 getting average 568/1030
2023-04-11 13:27:14,061 getting average 569/1030
2023-04-11 13:27:14,277 getting average 570/1030
2023-04-11 13:27:14,567 getting average 571/1030
2023-04-11 13:27:14,788 getting average 572/1030
2023-04-11 13:27:18,911 getting average 573/1030
2023-04-11 13:27:19,337 getting average 574/1030
2023-04-11 13:27:19,504 getting average 575/1030
2023-04-11 13:27:19,691 getting average 576/1030
2023-04-11 13:27:24,583 getting average 577/1030
2023-04-11 13:27:24,811 getting average 578/1030
2023-04-11 13:27:25,200 getting average 579/1030
2023-04-11 13:27:25,387 getting average 580/1030
2023-04-11 13:27:28,179 getting average 581/1030
2023-04-11 13:27:28,503 getting average 582/1030
2023-04-11 13:27:28,933 getting average 583/1030
2023-04-11 13:27:29,568 getting average 584/1030
2023-04-11 13:27:31,493 getting average 585/1030
2023-04-11 13:27:31,746 getting average 586/1030
2023-04-11 13:27:32,496 getting average 587/1030
2023-04-11 13:27:32,772 getting average 588/1030
2023-04-11 13:27:34,659 getting average 589/1030
2023-04-11 13:27:34,890 getting average 590/1030
2023-04-11 13:27:36,724 getting average 591/1030
2023-04-11 13:27:37,461 getting average 592/1030
2023-04-11 13:27:38,575 getting average 593/1030
2023-04-11 13:27:38,886 getting average 594/1030
2023-04-11 13:27:40,058 getting average 595/1030
2023-04-11 13:27:41,046 getting average 596/1030
2023-04-11 13:27:42,438 getting average 597/1030
2023-04-11 13:27:42,755 getting average 598/1030
2023-04-11 13:27:43,339 getting average 599/1030
2023-04-11 13:27:44,477 getting average 600/1030
2023-04-11 13:27:46,144 getting average 601/1030
2023-04-11 13:27:46,327 getting average 602/1030
2023-04-11 13:27:46,643 getting average 603/1030
2023-04-11 13:27:47,378 getting average 604/1030
2023-04-11 13:27:51,605 getting average 605/1030
2023-04-11 13:27:51,909 getting average 606/1030
2023-04-11 13:27:52,295 getting average 607/1030
2023-04-11 13:27:52,619 getting average 608/1030
2023-04-11 13:27:55,319 getting average 609/1030
2023-04-11 13:27:55,530 getting average 610/1030
2023-04-11 13:27:55,794 getting average 611/1030
2023-04-11 13:27:56,162 getting average 612/1030
2023-04-11 13:28:00,184 getting average 613/1030
2023-04-11 13:28:00,434 getting average 614/1030
2023-04-11 13:28:00,677 getting average 615/1030
2023-04-11 13:28:00,880 getting average 616/1030
2023-04-11 13:28:05,276 getting average 617/1030
2023-04-11 13:28:05,570 getting average 618/1030
2023-04-11 13:28:05,861 getting average 619/1030
2023-04-11 13:28:06,090 getting average 620/1030
2023-04-11 13:28:08,471 getting average 621/1030
2023-04-11 13:28:08,847 getting average 622/1030
2023-04-11 13:28:09,113 getting average 623/1030
2023-04-11 13:28:09,300 getting average 624/1030
2023-04-11 13:28:12,669 getting average 625/1030
2023-04-11 13:28:12,871 getting average 626/1030
2023-04-11 13:28:13,114 getting average 627/1030
2023-04-11 13:28:13,405 getting average 628/1030
2023-04-11 13:28:17,148 getting average 629/1030
2023-04-11 13:28:17,460 getting average 630/1030
2023-04-11 13:28:17,771 getting average 631/1030
2023-04-11 13:28:18,089 getting average 632/1030
2023-04-11 13:28:20,475 getting average 633/1030
2023-04-11 13:28:20,767 getting average 634/1030
2023-04-11 13:28:21,003 getting average 635/1030
2023-04-11 13:28:21,224 getting average 636/1030
2023-04-11 13:28:25,470 getting average 637/1030
2023-04-11 13:28:25,831 getting average 638/1030
2023-04-11 13:28:26,098 getting average 639/1030
2023-04-11 13:28:26,369 getting average 640/1030
2023-04-11 13:28:28,627 getting average 641/1030
2023-04-11 13:28:28,793 getting average 642/1030
2023-04-11 13:28:30,807 getting average 643/1030
2023-04-11 13:28:31,105 getting average 644/1030
2023-04-11 13:28:33,996 getting average 645/1030
2023-04-11 13:28:34,239 getting average 646/1030
2023-04-11 13:28:34,454 getting average 647/1030
2023-04-11 13:28:34,676 getting average 648/1030
2023-04-11 13:28:38,230 getting average 649/1030
2023-04-11 13:28:38,773 getting average 650/1030
2023-04-11 13:28:39,260 getting average 651/1030
2023-04-11 13:28:39,618 getting average 652/1030
2023-04-11 13:28:41,716 getting average 653/1030
2023-04-11 13:28:42,954 getting average 654/1030
2023-04-11 13:28:43,446 getting average 655/1030
2023-04-11 13:28:43,830 getting average 656/1030
2023-04-11 13:28:46,116 getting average 657/1030
2023-04-11 13:28:46,728 getting average 658/1030
2023-04-11 13:28:47,134 getting average 659/1030
2023-04-11 13:28:47,394 getting average 660/1030
2023-04-11 13:28:49,509 getting average 661/1030
2023-04-11 13:28:52,312 getting average 662/1030
2023-04-11 13:28:52,764 getting average 663/1030
2023-04-11 13:28:53,118 getting average 664/1030
2023-04-11 13:28:54,025 getting average 665/1030
2023-04-11 13:28:55,752 getting average 666/1030
2023-04-11 13:28:56,453 getting average 667/1030
2023-04-11 13:28:56,652 getting average 668/1030
2023-04-11 13:28:58,310 getting average 669/1030
2023-04-11 13:28:59,525 getting average 670/1030
2023-04-11 13:28:59,995 getting average 671/1030
2023-04-11 13:29:00,372 getting average 672/1030
2023-04-11 13:29:02,913 getting average 673/1030
2023-04-11 13:29:03,934 getting average 674/1030
2023-04-11 13:29:04,445 getting average 675/1030
2023-04-11 13:29:04,845 getting average 676/1030
2023-04-11 13:29:06,151 getting average 677/1030
2023-04-11 13:29:07,423 getting average 678/1030
2023-04-11 13:29:08,652 getting average 679/1030
2023-04-11 13:29:08,970 getting average 680/1030
2023-04-11 13:29:11,143 getting average 681/1030
2023-04-11 13:29:11,634 getting average 682/1030
2023-04-11 13:29:12,044 getting average 683/1030
2023-04-11 13:29:12,297 getting average 684/1030
2023-04-11 13:29:16,212 getting average 685/1030
2023-04-11 13:29:17,205 getting average 686/1030
2023-04-11 13:29:17,470 getting average 687/1030
2023-04-11 13:29:17,805 getting average 688/1030
2023-04-11 13:29:19,329 getting average 689/1030
2023-04-11 13:29:23,442 getting average 690/1030
2023-04-11 13:29:23,762 getting average 691/1030
2023-04-11 13:29:24,599 getting average 692/1030
2023-04-11 13:29:24,826 getting average 693/1030
2023-04-11 13:29:27,770 getting average 694/1030
2023-04-11 13:29:28,164 getting average 695/1030
2023-04-11 13:29:28,554 getting average 696/1030
2023-04-11 13:29:29,136 getting average 697/1030
2023-04-11 13:29:31,397 getting average 698/1030
2023-04-11 13:29:31,770 getting average 699/1030
2023-04-11 13:29:32,498 getting average 700/1030
2023-04-11 13:29:33,395 getting average 701/1030
2023-04-11 13:29:34,850 getting average 702/1030
2023-04-11 13:29:35,251 getting average 703/1030
2023-04-11 13:29:35,911 getting average 704/1030
2023-04-11 13:29:36,877 getting average 705/1030
2023-04-11 13:29:38,375 getting average 706/1030
2023-04-11 13:29:38,895 getting average 707/1030
2023-04-11 13:29:39,362 getting average 708/1030
2023-04-11 13:29:40,255 getting average 709/1030
2023-04-11 13:29:43,769 getting average 710/1030
2023-04-11 13:29:44,103 getting average 711/1030
2023-04-11 13:29:44,471 getting average 712/1030
2023-04-11 13:29:44,769 getting average 713/1030
2023-04-11 13:29:51,831 getting average 714/1030
2023-04-11 13:29:52,110 getting average 715/1030
2023-04-11 13:29:52,462 getting average 716/1030
2023-04-11 13:29:52,738 getting average 717/1030
2023-04-11 13:29:59,096 getting average 718/1030
2023-04-11 13:29:59,406 getting average 719/1030
2023-04-11 13:29:59,764 getting average 720/1030
2023-04-11 13:30:00,123 getting average 721/1030
2023-04-11 13:30:07,974 getting average 722/1030
2023-04-11 13:30:08,228 getting average 723/1030
2023-04-11 13:30:08,481 getting average 724/1030
2023-04-11 13:30:08,803 getting average 725/1030
2023-04-11 13:30:12,622 getting average 726/1030
2023-04-11 13:30:12,845 getting average 727/1030
2023-04-11 13:30:13,079 getting average 728/1030
2023-04-11 13:30:13,647 getting average 729/1030
2023-04-11 13:30:16,254 getting average 730/1030
2023-04-11 13:30:16,680 getting average 731/1030
2023-04-11 13:30:17,007 getting average 732/1030
2023-04-11 13:30:17,359 getting average 733/1030
2023-04-11 13:30:19,570 getting average 734/1030
2023-04-11 13:30:19,904 getting average 735/1030
2023-04-11 13:30:20,209 getting average 736/1030
2023-04-11 13:30:20,442 getting average 737/1030
2023-04-11 13:30:24,069 getting average 738/1030
2023-04-11 13:30:24,297 getting average 739/1030
2023-04-11 13:30:24,595 getting average 740/1030
2023-04-11 13:30:24,881 getting average 741/1030
2023-04-11 13:30:30,873 getting average 742/1030
2023-04-11 13:30:31,164 getting average 743/1030
2023-04-11 13:30:31,395 getting average 744/1030
2023-04-11 13:30:31,786 getting average 745/1030
2023-04-11 13:30:35,788 getting average 746/1030
2023-04-11 13:30:36,249 getting average 747/1030
2023-04-11 13:30:36,621 getting average 748/1030
2023-04-11 13:30:38,114 getting average 749/1030
2023-04-11 13:30:38,985 getting average 750/1030
2023-04-11 13:30:39,160 getting average 751/1030
2023-04-11 13:30:39,502 getting average 752/1030
2023-04-11 13:30:43,608 getting average 753/1030
2023-04-11 13:30:43,910 getting average 754/1030
2023-04-11 13:30:44,349 getting average 755/1030
2023-04-11 13:30:44,698 getting average 756/1030
2023-04-11 13:30:47,666 getting average 757/1030
2023-04-11 13:30:47,875 getting average 758/1030
2023-04-11 13:30:48,128 getting average 759/1030
2023-04-11 13:30:48,502 getting average 760/1030
2023-04-11 13:30:52,866 getting average 761/1030
2023-04-11 13:30:53,291 getting average 762/1030
2023-04-11 13:30:53,522 getting average 763/1030
2023-04-11 13:30:53,743 getting average 764/1030
2023-04-11 13:30:59,127 getting average 765/1030
2023-04-11 13:30:59,497 getting average 766/1030
2023-04-11 13:30:59,894 getting average 767/1030
2023-04-11 13:31:00,139 getting average 768/1030
2023-04-11 13:31:02,635 getting average 769/1030
2023-04-11 13:31:04,011 getting average 770/1030
2023-04-11 13:31:04,347 getting average 771/1030
2023-04-11 13:31:04,728 getting average 772/1030
2023-04-11 13:31:05,740 getting average 773/1030
2023-04-11 13:31:07,296 getting average 774/1030
2023-04-11 13:31:07,699 getting average 775/1030
2023-04-11 13:31:08,072 getting average 776/1030
2023-04-11 13:31:10,171 getting average 777/1030
2023-04-11 13:31:10,537 getting average 778/1030
2023-04-11 13:31:10,745 getting average 779/1030
2023-04-11 13:31:10,898 getting average 780/1030
2023-04-11 13:31:17,601 getting average 781/1030
2023-04-11 13:31:18,658 getting average 782/1030
2023-04-11 13:31:18,912 getting average 783/1030
2023-04-11 13:31:19,162 getting average 784/1030
2023-04-11 13:31:22,231 getting average 785/1030
2023-04-11 13:31:22,610 getting average 786/1030
2023-04-11 13:31:22,858 getting average 787/1030
2023-04-11 13:31:23,318 getting average 788/1030
2023-04-11 13:31:26,206 getting average 789/1030
2023-04-11 13:31:26,500 getting average 790/1030
2023-04-11 13:31:27,103 getting average 791/1030
2023-04-11 13:31:27,418 getting average 792/1030
2023-04-11 13:31:29,987 getting average 793/1030
2023-04-11 13:31:30,253 getting average 794/1030
2023-04-11 13:31:30,526 getting average 795/1030
2023-04-11 13:31:30,853 getting average 796/1030
2023-04-11 13:31:34,096 getting average 797/1030
2023-04-11 13:31:34,720 getting average 798/1030
2023-04-11 13:31:35,037 getting average 799/1030
2023-04-11 13:31:35,289 getting average 800/1030
2023-04-11 13:31:38,285 getting average 801/1030
2023-04-11 13:31:39,320 getting average 802/1030
2023-04-11 13:31:39,636 getting average 803/1030
2023-04-11 13:31:40,041 getting average 804/1030
2023-04-11 13:31:42,576 getting average 805/1030
2023-04-11 13:31:43,932 getting average 806/1030
2023-04-11 13:31:44,133 getting average 807/1030
2023-04-11 13:31:44,618 getting average 808/1030
2023-04-11 13:31:46,524 getting average 809/1030
2023-04-11 13:31:47,326 getting average 810/1030
2023-04-11 13:31:47,523 getting average 811/1030
2023-04-11 13:31:47,754 getting average 812/1030
2023-04-11 13:31:53,254 getting average 813/1030
2023-04-11 13:31:53,576 getting average 814/1030
2023-04-11 13:31:53,977 getting average 815/1030
2023-04-11 13:31:54,296 getting average 816/1030
2023-04-11 13:31:56,884 getting average 817/1030
2023-04-11 13:31:57,297 getting average 818/1030
2023-04-11 13:31:57,690 getting average 819/1030
2023-04-11 13:31:58,082 getting average 820/1030
2023-04-11 13:32:00,339 getting average 821/1030
2023-04-11 13:32:00,508 getting average 822/1030
2023-04-11 13:32:00,936 getting average 823/1030
2023-04-11 13:32:01,267 getting average 824/1030
2023-04-11 13:32:05,283 getting average 825/1030
2023-04-11 13:32:05,880 getting average 826/1030
2023-04-11 13:32:06,057 getting average 827/1030
2023-04-11 13:32:06,203 getting average 828/1030
2023-04-11 13:32:14,153 getting average 829/1030
2023-04-11 13:32:14,594 getting average 830/1030
2023-04-11 13:32:14,945 getting average 831/1030
2023-04-11 13:32:15,260 getting average 832/1030
2023-04-11 13:32:21,429 getting average 833/1030
2023-04-11 13:32:21,739 getting average 834/1030
2023-04-11 13:32:21,939 getting average 835/1030
2023-04-11 13:32:22,244 getting average 836/1030
2023-04-11 13:32:25,324 getting average 837/1030
2023-04-11 13:32:25,703 getting average 838/1030
2023-04-11 13:32:26,048 getting average 839/1030
2023-04-11 13:32:26,557 getting average 840/1030
2023-04-11 13:32:28,661 getting average 841/1030
2023-04-11 13:32:28,902 getting average 842/1030
2023-04-11 13:32:29,188 getting average 843/1030
2023-04-11 13:32:29,537 getting average 844/1030
2023-04-11 13:32:32,306 getting average 845/1030
2023-04-11 13:32:32,492 getting average 846/1030
2023-04-11 13:32:32,632 getting average 847/1030
2023-04-11 13:32:32,865 getting average 848/1030
2023-04-11 13:32:38,224 getting average 849/1030
2023-04-11 13:32:38,618 getting average 850/1030
2023-04-11 13:32:39,176 getting average 851/1030
2023-04-11 13:32:39,543 getting average 852/1030
2023-04-11 13:32:41,316 getting average 853/1030
2023-04-11 13:32:41,600 getting average 854/1030
2023-04-11 13:32:43,348 getting average 855/1030
2023-04-11 13:32:43,669 getting average 856/1030
2023-04-11 13:32:44,509 getting average 857/1030
2023-04-11 13:32:44,816 getting average 858/1030
2023-04-11 13:32:47,153 getting average 859/1030
2023-04-11 13:32:47,450 getting average 860/1030
2023-04-11 13:32:48,177 getting average 861/1030
2023-04-11 13:32:48,534 getting average 862/1030
2023-04-11 13:32:50,174 getting average 863/1030
2023-04-11 13:32:50,533 getting average 864/1030
2023-04-11 13:32:52,595 getting average 865/1030
2023-04-11 13:32:52,900 getting average 866/1030
2023-04-11 13:32:54,025 getting average 867/1030
2023-04-11 13:32:54,302 getting average 868/1030
2023-04-11 13:32:57,081 getting average 869/1030
2023-04-11 13:33:00,893 getting average 870/1030
2023-04-11 13:33:01,346 getting average 871/1030
2023-04-11 13:33:01,616 getting average 872/1030
2023-04-11 13:33:01,822 getting average 873/1030
2023-04-11 13:33:05,830 getting average 874/1030
2023-04-11 13:33:06,473 getting average 875/1030
2023-04-11 13:33:06,631 getting average 876/1030
2023-04-11 13:33:07,248 getting average 877/1030
2023-04-11 13:33:09,586 getting average 878/1030
2023-04-11 13:33:10,332 getting average 879/1030
2023-04-11 13:33:10,596 getting average 880/1030
2023-04-11 13:33:10,813 getting average 881/1030
2023-04-11 13:33:12,566 getting average 882/1030
2023-04-11 13:33:14,051 getting average 883/1030
2023-04-11 13:33:14,456 getting average 884/1030
2023-04-11 13:33:14,716 getting average 885/1030
2023-04-11 13:33:15,764 getting average 886/1030
2023-04-11 13:33:18,963 getting average 887/1030
2023-04-11 13:33:19,339 getting average 888/1030
2023-04-11 13:33:20,965 getting average 889/1030
2023-04-11 13:33:21,450 getting average 890/1030
2023-04-11 13:33:23,454 getting average 891/1030
2023-04-11 13:33:23,878 getting average 892/1030
2023-04-11 13:33:24,726 getting average 893/1030
2023-04-11 13:33:26,612 getting average 894/1030
2023-04-11 13:33:27,016 getting average 895/1030
2023-04-11 13:33:27,393 getting average 896/1030
2023-04-11 13:33:28,048 getting average 897/1030
2023-04-11 13:33:30,390 getting average 898/1030
2023-04-11 13:33:30,675 getting average 899/1030
2023-04-11 13:33:31,463 getting average 900/1030
2023-04-11 13:33:32,006 getting average 901/1030
2023-04-11 13:33:34,201 getting average 902/1030
2023-04-11 13:33:34,607 getting average 903/1030
2023-04-11 13:33:35,368 getting average 904/1030
2023-04-11 13:33:36,233 getting average 905/1030
2023-04-11 13:33:37,431 getting average 906/1030
2023-04-11 13:33:37,747 getting average 907/1030
2023-04-11 13:33:38,929 getting average 908/1030
2023-04-11 13:33:39,780 getting average 909/1030
2023-04-11 13:33:43,017 getting average 910/1030
2023-04-11 13:33:43,340 getting average 911/1030
2023-04-11 13:33:44,463 getting average 912/1030
2023-04-11 13:33:44,711 getting average 913/1030
2023-04-11 13:33:46,592 getting average 914/1030
2023-04-11 13:33:47,741 getting average 915/1030
2023-04-11 13:33:49,073 getting average 916/1030
2023-04-11 13:33:49,358 getting average 917/1030
2023-04-11 13:33:50,116 getting average 918/1030
2023-04-11 13:33:51,237 getting average 919/1030
2023-04-11 13:33:52,863 getting average 920/1030
2023-04-11 13:33:53,162 getting average 921/1030
2023-04-11 13:33:53,549 getting average 922/1030
2023-04-11 13:33:54,437 getting average 923/1030
2023-04-11 13:33:56,849 getting average 924/1030
2023-04-11 13:33:57,129 getting average 925/1030
2023-04-11 13:33:58,529 getting average 926/1030
2023-04-11 13:33:59,028 getting average 927/1030
2023-04-11 13:34:00,548 getting average 928/1030
2023-04-11 13:34:00,795 getting average 929/1030
2023-04-11 13:34:04,637 getting average 930/1030
2023-04-11 13:34:04,937 getting average 931/1030
2023-04-11 13:34:06,040 getting average 932/1030
2023-04-11 13:34:06,355 getting average 933/1030
2023-04-11 13:34:09,461 getting average 934/1030
2023-04-11 13:34:09,736 getting average 935/1030
2023-04-11 13:34:10,920 getting average 936/1030
2023-04-11 13:34:11,052 getting average 937/1030
2023-04-11 13:34:15,629 getting average 938/1030
2023-04-11 13:34:16,032 getting average 939/1030
2023-04-11 13:34:16,754 getting average 940/1030
2023-04-11 13:34:17,068 getting average 941/1030
2023-04-11 13:34:21,664 getting average 942/1030
2023-04-11 13:34:22,012 getting average 943/1030
2023-04-11 13:34:22,510 getting average 944/1030
2023-04-11 13:34:22,750 getting average 945/1030
2023-04-11 13:34:24,849 getting average 946/1030
2023-04-11 13:34:25,373 getting average 947/1030
2023-04-11 13:34:25,592 getting average 948/1030
2023-04-11 13:34:26,756 getting average 949/1030
2023-04-11 13:34:28,364 getting average 950/1030
2023-04-11 13:34:28,618 getting average 951/1030
2023-04-11 13:34:29,057 getting average 952/1030
2023-04-11 13:34:30,279 getting average 953/1030
2023-04-11 13:34:32,180 getting average 954/1030
2023-04-11 13:34:32,583 getting average 955/1030
2023-04-11 13:34:32,923 getting average 956/1030
2023-04-11 13:34:33,649 getting average 957/1030
2023-04-11 13:34:35,891 getting average 958/1030
2023-04-11 13:34:36,415 getting average 959/1030
2023-04-11 13:34:37,388 getting average 960/1030
2023-04-11 13:34:37,929 getting average 961/1030
2023-04-11 13:34:39,228 getting average 962/1030
2023-04-11 13:34:39,412 getting average 963/1030
2023-04-11 13:34:40,886 getting average 964/1030
2023-04-11 13:34:42,396 getting average 965/1030
2023-04-11 13:34:44,964 getting average 966/1030
2023-04-11 13:34:45,233 getting average 967/1030
2023-04-11 13:34:45,908 getting average 968/1030
2023-04-11 13:34:46,436 getting average 969/1030
2023-04-11 13:34:48,858 getting average 970/1030
2023-04-11 13:34:49,107 getting average 971/1030
2023-04-11 13:34:51,468 getting average 972/1030
2023-04-11 13:34:51,734 getting average 973/1030
2023-04-11 13:34:53,354 getting average 974/1030
2023-04-11 13:34:53,732 getting average 975/1030
2023-04-11 13:34:55,432 getting average 976/1030
2023-04-11 13:34:56,087 getting average 977/1030
2023-04-11 13:34:57,187 getting average 978/1030
2023-04-11 13:34:57,620 getting average 979/1030
2023-04-11 13:34:58,898 getting average 980/1030
2023-04-11 13:34:59,607 getting average 981/1030
2023-04-11 13:35:00,496 getting average 982/1030
2023-04-11 13:35:01,527 getting average 983/1030
2023-04-11 13:35:02,473 getting average 984/1030
2023-04-11 13:35:03,748 getting average 985/1030
2023-04-11 13:35:04,286 getting average 986/1030
2023-04-11 13:35:05,211 getting average 987/1030
2023-04-11 13:35:05,945 getting average 988/1030
2023-04-11 13:35:07,673 getting average 989/1030
2023-04-11 13:35:08,097 getting average 990/1030
2023-04-11 13:35:09,194 getting average 991/1030
2023-04-11 13:35:09,520 getting average 992/1030
2023-04-11 13:35:11,122 getting average 993/1030
2023-04-11 13:35:12,210 getting average 994/1030
2023-04-11 13:35:14,501 getting average 995/1030
2023-04-11 13:35:14,941 getting average 996/1030
2023-04-11 13:35:16,263 getting average 997/1030
2023-04-11 13:35:16,567 getting average 998/1030
2023-04-11 13:35:18,102 getting average 999/1030
2023-04-11 13:35:18,739 getting average 1000/1030
2023-04-11 13:35:20,723 getting average 1001/1030
2023-04-11 13:35:21,283 getting average 1002/1030
2023-04-11 13:35:22,552 getting average 1003/1030
2023-04-11 13:35:22,967 getting average 1004/1030
2023-04-11 13:35:24,827 getting average 1005/1030
2023-04-11 13:35:25,248 getting average 1006/1030
2023-04-11 13:35:26,743 getting average 1007/1030
2023-04-11 13:35:27,340 getting average 1008/1030
2023-04-11 13:35:28,217 getting average 1009/1030
2023-04-11 13:35:29,238 getting average 1010/1030
2023-04-11 13:35:30,054 getting average 1011/1030
2023-04-11 13:35:30,495 getting average 1012/1030
2023-04-11 13:35:31,560 getting average 1013/1030
2023-04-11 13:35:32,822 getting average 1014/1030
2023-04-11 13:35:35,143 getting average 1015/1030
2023-04-11 13:35:35,547 getting average 1016/1030
2023-04-11 13:35:35,923 getting average 1017/1030
2023-04-11 13:35:36,464 getting average 1018/1030
2023-04-11 13:35:38,180 getting average 1019/1030
2023-04-11 13:35:43,266 getting average 1020/1030
2023-04-11 13:35:43,733 getting average 1021/1030
2023-04-11 13:35:44,042 getting average 1022/1030
2023-04-11 13:35:45,703 getting average 1023/1030
2023-04-11 13:35:48,141 getting average 1024/1030
2023-04-11 13:35:48,532 getting average 1025/1030
2023-04-11 13:35:48,832 getting average 1026/1030
2023-04-11 13:35:49,146 getting average 1027/1030
2023-04-11 13:35:50,989 getting average 1028/1030
2023-04-11 13:35:51,172 getting average 1029/1030
2023-04-11 13:35:51,362 training 9142 cubes
2023-04-11 13:36:02,395 fit done!
2023-04-11 13:36:14,334 train_acc = 0.44224458542988404
2023-04-11 13:36:14,457 training done
2023-04-11 14:01:54,133 try loading dataset
2023-04-11 14:06:02,335 fit done!
2023-04-11 14:06:02,345 train_acc = 0.45427696346532487
2023-04-11 14:06:02,403 training done
